# JRE version: Java(TM) SE Runtime Environment (19.0.2+7) (build 19.0.2+7-44)
# Java VM: Java HotSpot(TM) 64-Bit Server VM (19.0.2+7-44, mixed mode, sharing, tiered, compressed oops, compressed class ptrs, g1 gc, windows-amd64)
GC Precious Log:
 CardTable entry size: 512
 Card Set container configuration: InlinePtr #cards 5 size 8 Array Of Cards #cards 12 size 40 Howl #buckets 4 coarsen threshold 1843 Howl Bitmap #cards 512 size 80 coarsen threshold 460 Card regions per heap region 1 cards per card region 2048
 CPUs: 4 total, 4 available
 Memory: 8151M
 Large Page Support: Disabled
 NUMA Support: Disabled
 Compressed Oops: Enabled (32-bit)
 Heap Region Size: 1M
 Heap Min Capacity: 8M
 Heap Initial Capacity: 128M
 Heap Max Capacity: 2038M
 Pre-touch: Disabled
 Parallel Workers: 4
 Concurrent Workers: 1
 Concurrent Refinement Workers: 4
 Periodic GC: Disabled
Heap:
 garbage-first heap   total 68608K, used 43044K [0x0000000080a00000, 0x0000000100000000)
  region size 1024K, 20 young (20480K), 3 survivors (3072K)
 Metaspace       used 60262K, committed 60928K, reserved 1114112K
  class space    used 7977K, committed 8320K, reserved 1048576K
GC Heap History (20 events):
Event: 4.272 GC heap before
{Heap before GC invocations=6 (full 0):
 garbage-first heap   total 51200K, used 16128K [0x0000000080a00000, 0x0000000100000000)
  region size 1024K, 4 young (4096K), 3 survivors (3072K)
 Metaspace       used 25465K, committed 25792K, reserved 1114112K
  class space    used 3168K, committed 3328K, reserved 1048576K
}
Event: 4.280 GC heap after
{Heap after GC invocations=7 (full 0):
 garbage-first heap   total 51200K, used 15379K [0x0000000080a00000, 0x0000000100000000)
  region size 1024K, 1 young (1024K), 1 survivors (1024K)
 Metaspace       used 25465K, committed 25792K, reserved 1114112K
  class space    used 3168K, committed 3328K, reserved 1048576K
}
Event: 5.285 GC heap before
{Heap before GC invocations=7 (full 0):
 garbage-first heap   total 51200K, used 34835K [0x0000000080a00000, 0x0000000100000000)
  region size 1024K, 21 young (21504K), 1 survivors (1024K)
 Metaspace       used 30224K, committed 30784K, reserved 1114112K
  class space    used 3763K, committed 4032K, reserved 1048576K
}
Event: 5.290 GC heap after
{Heap after GC invocations=8 (full 0):
 garbage-first heap   total 51200K, used 17142K [0x0000000080a00000, 0x0000000100000000)
  region size 1024K, 3 young (3072K), 3 survivors (3072K)
 Metaspace       used 30224K, committed 30784K, reserved 1114112K
  class space    used 3763K, committed 4032K, reserved 1048576K
}
Event: 5.946 GC heap before
{Heap before GC invocations=8 (full 0):
 garbage-first heap   total 51200K, used 36598K [0x0000000080a00000, 0x0000000100000000)
  region size 1024K, 22 young (22528K), 3 survivors (3072K)
 Metaspace       used 33809K, committed 34368K, reserved 1114112K
  class space    used 4277K, committed 4544K, reserved 1048576K
}
Event: 5.953 GC heap after
{Heap after GC invocations=9 (full 0):
 garbage-first heap   total 51200K, used 18534K [0x0000000080a00000, 0x0000000100000000)
  region size 1024K, 2 young (2048K), 2 survivors (2048K)
 Metaspace       used 33809K, committed 34368K, reserved 1114112K
  class space    used 4277K, committed 4544K, reserved 1048576K
}
Event: 6.111 GC heap before
{Heap before GC invocations=9 (full 0):
 garbage-first heap   total 51200K, used 23654K [0x0000000080a00000, 0x0000000100000000)
  region size 1024K, 8 young (8192K), 2 survivors (2048K)
 Metaspace       used 35479K, committed 35968K, reserved 1114112K
  class space    used 4533K, committed 4800K, reserved 1048576K
}
Event: 6.114 GC heap after
{Heap after GC invocations=10 (full 0):
 garbage-first heap   total 72704K, used 18683K [0x0000000080a00000, 0x0000000100000000)
  region size 1024K, 2 young (2048K), 2 survivors (2048K)
 Metaspace       used 35479K, committed 35968K, reserved 1114112K
  class space    used 4533K, committed 4800K, reserved 1048576K
}
Event: 7.395 GC heap before
{Heap before GC invocations=11 (full 0):
 garbage-first heap   total 68608K, used 55547K [0x0000000080a00000, 0x0000000100000000)
  region size 1024K, 38 young (38912K), 2 survivors (2048K)
 Metaspace       used 46238K, committed 46784K, reserved 1114112K
  class space    used 5992K, committed 6272K, reserved 1048576K
}
Event: 7.402 GC heap after
{Heap after GC invocations=12 (full 0):
 garbage-first heap   total 68608K, used 20953K [0x0000000080a00000, 0x0000000100000000)
  region size 1024K, 4 young (4096K), 4 survivors (4096K)
 Metaspace       used 46238K, committed 46784K, reserved 1114112K
  class space    used 5992K, committed 6272K, reserved 1048576K
}
Event: 7.424 GC heap before
{Heap before GC invocations=12 (full 0):
 garbage-first heap   total 68608K, used 21977K [0x0000000080a00000, 0x0000000100000000)
  region size 1024K, 5 young (5120K), 4 survivors (4096K)
 Metaspace       used 46487K, committed 47040K, reserved 1114112K
  class space    used 6045K, committed 6336K, reserved 1048576K
}
Event: 7.430 GC heap after
{Heap after GC invocations=13 (full 0):
 garbage-first heap   total 68608K, used 21336K [0x0000000080a00000, 0x0000000100000000)
  region size 1024K, 1 young (1024K), 1 survivors (1024K)
 Metaspace       used 46487K, committed 47040K, reserved 1114112K
  class space    used 6045K, committed 6336K, reserved 1048576K
}
Event: 8.199 GC heap before
{Heap before GC invocations=13 (full 0):
 garbage-first heap   total 68608K, used 51032K [0x0000000080a00000, 0x0000000100000000)
  region size 1024K, 31 young (31744K), 1 survivors (1024K)
 Metaspace       used 53325K, committed 53888K, reserved 1114112K
  class space    used 7024K, committed 7296K, reserved 1048576K
}
Event: 8.203 GC heap after
{Heap after GC invocations=14 (full 0):
 garbage-first heap   total 68608K, used 22474K [0x0000000080a00000, 0x0000000100000000)
  region size 1024K, 2 young (2048K), 2 survivors (2048K)
 Metaspace       used 53325K, committed 53888K, reserved 1114112K
  class space    used 7024K, committed 7296K, reserved 1048576K
}
Event: 8.922 GC heap before
{Heap before GC invocations=14 (full 0):
 garbage-first heap   total 68608K, used 53194K [0x0000000080a00000, 0x0000000100000000)
  region size 1024K, 32 young (32768K), 2 survivors (2048K)
 Metaspace       used 56337K, committed 56960K, reserved 1114112K
  class space    used 7411K, committed 7680K, reserved 1048576K
}
Event: 8.926 GC heap after
{Heap after GC invocations=15 (full 0):
 garbage-first heap   total 68608K, used 24321K [0x0000000080a00000, 0x0000000100000000)
  region size 1024K, 4 young (4096K), 4 survivors (4096K)
 Metaspace       used 56337K, committed 56960K, reserved 1114112K
  class space    used 7411K, committed 7680K, reserved 1048576K
}
Event: 9.850 GC heap before
{Heap before GC invocations=15 (full 0):
 garbage-first heap   total 68608K, used 54017K [0x0000000080a00000, 0x0000000100000000)
  region size 1024K, 33 young (33792K), 4 survivors (4096K)
 Metaspace       used 58579K, committed 59200K, reserved 1114112K
  class space    used 7697K, committed 8000K, reserved 1048576K
}
Event: 9.858 GC heap after
{Heap after GC invocations=16 (full 0):
 garbage-first heap   total 68608K, used 25791K [0x0000000080a00000, 0x0000000100000000)
  region size 1024K, 4 young (4096K), 4 survivors (4096K)
 Metaspace       used 58579K, committed 59200K, reserved 1114112K
  class space    used 7697K, committed 8000K, reserved 1048576K
}
Event: 10.494 GC heap before
{Heap before GC invocations=16 (full 0):
 garbage-first heap   total 68608K, used 35007K [0x0000000080a00000, 0x0000000100000000)
  region size 1024K, 14 young (14336K), 4 survivors (4096K)
 Metaspace       used 59559K, committed 60160K, reserved 1114112K
  class space    used 7845K, committed 8128K, reserved 1048576K
}
Event: 10.500 GC heap after
{Heap after GC invocations=17 (full 0):
 garbage-first heap   total 68608K, used 26660K [0x0000000080a00000, 0x0000000100000000)
  region size 1024K, 3 young (3072K), 3 survivors (3072K)
 Metaspace       used 59559K, committed 60160K, reserved 1114112K
  class space    used 7845K, committed 8128K, reserved 1048576K
}

