# JRE version: Java(TM) SE Runtime Environment (19.0.2+7) (build 19.0.2+7-44)
# Java VM: Java HotSpot(TM) 64-Bit Server VM (19.0.2+7-44, mixed mode, sharing, tiered, compressed oops, compressed class ptrs, g1 gc, windows-amd64)
GC Precious Log:
 CardTable entry size: 512
 Card Set container configuration: InlinePtr #cards 5 size 8 Array Of Cards #cards 12 size 40 Howl #buckets 4 coarsen threshold 1843 Howl Bitmap #cards 512 size 80 coarsen threshold 460 Card regions per heap region 1 cards per card region 2048
 CPUs: 4 total, 4 available
 Memory: 8151M
 Large Page Support: Disabled
 NUMA Support: Disabled
 Compressed Oops: Enabled (32-bit)
 Heap Region Size: 1M
 Heap Min Capacity: 8M
 Heap Initial Capacity: 128M
 Heap Max Capacity: 2038M
 Pre-touch: Disabled
 Parallel Workers: 4
 Concurrent Workers: 1
 Concurrent Refinement Workers: 4
 Periodic GC: Disabled
Heap:
 garbage-first heap   total 77824K, used 57354K [0x0000000080a00000, 0x0000000100000000)
  region size 1024K, 30 young (30720K), 1 survivors (1024K)
 Metaspace       used 70026K, committed 70656K, reserved 1114112K
  class space    used 9364K, committed 9664K, reserved 1048576K
GC Heap History (20 events):
Event: 5.729 GC heap before
{Heap before GC invocations=8 (full 0):
 garbage-first heap   total 51200K, used 36015K [0x0000000080a00000, 0x0000000100000000)
  region size 1024K, 21 young (21504K), 3 survivors (3072K)
 Metaspace       used 33410K, committed 33984K, reserved 1114112K
  class space    used 4207K, committed 4480K, reserved 1048576K
}
Event: 5.736 GC heap after
{Heap after GC invocations=9 (full 0):
 garbage-first heap   total 51200K, used 18691K [0x0000000080a00000, 0x0000000100000000)
  region size 1024K, 2 young (2048K), 2 survivors (2048K)
 Metaspace       used 33410K, committed 33984K, reserved 1114112K
  class space    used 4207K, committed 4480K, reserved 1048576K
}
Event: 5.944 GC heap before
{Heap before GC invocations=9 (full 0):
 garbage-first heap   total 51200K, used 25859K [0x0000000080a00000, 0x0000000100000000)
  region size 1024K, 10 young (10240K), 2 survivors (2048K)
 Metaspace       used 35471K, committed 35968K, reserved 1114112K
  class space    used 4540K, committed 4800K, reserved 1048576K
}
Event: 5.947 GC heap after
{Heap after GC invocations=10 (full 0):
 garbage-first heap   total 51200K, used 19030K [0x0000000080a00000, 0x0000000100000000)
  region size 1024K, 2 young (2048K), 2 survivors (2048K)
 Metaspace       used 35471K, committed 35968K, reserved 1114112K
  class space    used 4540K, committed 4800K, reserved 1048576K
}
Event: 6.533 GC heap before
{Heap before GC invocations=11 (full 0):
 garbage-first heap   total 51200K, used 38486K [0x0000000080a00000, 0x0000000100000000)
  region size 1024K, 21 young (21504K), 2 survivors (2048K)
 Metaspace       used 40758K, committed 41216K, reserved 1114112K
  class space    used 5233K, committed 5440K, reserved 1048576K
}
Event: 6.539 GC heap after
{Heap after GC invocations=12 (full 0):
 garbage-first heap   total 51200K, used 20378K [0x0000000080a00000, 0x0000000100000000)
  region size 1024K, 3 young (3072K), 3 survivors (3072K)
 Metaspace       used 40758K, committed 41216K, reserved 1114112K
  class space    used 5233K, committed 5440K, reserved 1048576K
}
Event: 6.562 GC heap before
{Heap before GC invocations=12 (full 0):
 garbage-first heap   total 51200K, used 21402K [0x0000000080a00000, 0x0000000100000000)
  region size 1024K, 4 young (4096K), 3 survivors (3072K)
 Metaspace       used 40958K, committed 41472K, reserved 1114112K
  class space    used 5258K, committed 5504K, reserved 1048576K
}
Event: 6.568 GC heap after
{Heap after GC invocations=13 (full 0):
 garbage-first heap   total 77824K, used 20245K [0x0000000080a00000, 0x0000000100000000)
  region size 1024K, 1 young (1024K), 1 survivors (1024K)
 Metaspace       used 40958K, committed 41472K, reserved 1114112K
  class space    used 5258K, committed 5504K, reserved 1048576K
}
Event: 7.600 GC heap before
{Heap before GC invocations=13 (full 0):
 garbage-first heap   total 77824K, used 58133K [0x0000000080a00000, 0x0000000100000000)
  region size 1024K, 39 young (39936K), 1 survivors (1024K)
 Metaspace       used 51287K, committed 51904K, reserved 1114112K
  class space    used 6806K, committed 7104K, reserved 1048576K
}
Event: 7.604 GC heap after
{Heap after GC invocations=14 (full 0):
 garbage-first heap   total 77824K, used 21763K [0x0000000080a00000, 0x0000000100000000)
  region size 1024K, 2 young (2048K), 2 survivors (2048K)
 Metaspace       used 51287K, committed 51904K, reserved 1114112K
  class space    used 6806K, committed 7104K, reserved 1048576K
}
Event: 8.325 GC heap before
{Heap before GC invocations=14 (full 0):
 garbage-first heap   total 77824K, used 60675K [0x0000000080a00000, 0x0000000100000000)
  region size 1024K, 40 young (40960K), 2 survivors (2048K)
 Metaspace       used 56346K, committed 56960K, reserved 1114112K
  class space    used 7421K, committed 7680K, reserved 1048576K
}
Event: 8.335 GC heap after
{Heap after GC invocations=15 (full 0):
 garbage-first heap   total 77824K, used 24008K [0x0000000080a00000, 0x0000000100000000)
  region size 1024K, 5 young (5120K), 5 survivors (5120K)
 Metaspace       used 56346K, committed 56960K, reserved 1114112K
  class space    used 7421K, committed 7680K, reserved 1048576K
}
Event: 8.904 GC heap before
{Heap before GC invocations=15 (full 0):
 garbage-first heap   total 77824K, used 59848K [0x0000000080a00000, 0x0000000100000000)
  region size 1024K, 40 young (40960K), 5 survivors (5120K)
 Metaspace       used 58979K, committed 59648K, reserved 1114112K
  class space    used 7775K, committed 8128K, reserved 1048576K
}
Event: 8.910 GC heap after
{Heap after GC invocations=16 (full 0):
 garbage-first heap   total 77824K, used 26277K [0x0000000080a00000, 0x0000000100000000)
  region size 1024K, 5 young (5120K), 5 survivors (5120K)
 Metaspace       used 58979K, committed 59648K, reserved 1114112K
  class space    used 7775K, committed 8128K, reserved 1048576K
}
Event: 9.057 GC heap before
{Heap before GC invocations=16 (full 0):
 garbage-first heap   total 77824K, used 33445K [0x0000000080a00000, 0x0000000100000000)
  region size 1024K, 13 young (13312K), 5 survivors (5120K)
 Metaspace       used 59873K, committed 60480K, reserved 1114112K
  class space    used 7898K, committed 8192K, reserved 1048576K
}
Event: 9.063 GC heap after
{Heap after GC invocations=17 (full 0):
 garbage-first heap   total 77824K, used 26885K [0x0000000080a00000, 0x0000000100000000)
  region size 1024K, 3 young (3072K), 3 survivors (3072K)
 Metaspace       used 59873K, committed 60480K, reserved 1114112K
  class space    used 7898K, committed 8192K, reserved 1048576K
}
Event: 62.842 GC heap before
{Heap before GC invocations=18 (full 0):
 garbage-first heap   total 77824K, used 60677K [0x0000000080a00000, 0x0000000100000000)
  region size 1024K, 37 young (37888K), 3 survivors (3072K)
 Metaspace       used 66017K, committed 66688K, reserved 1114112K
  class space    used 8798K, committed 9088K, reserved 1048576K
}
Event: 62.847 GC heap after
{Heap after GC invocations=19 (full 0):
 garbage-first heap   total 77824K, used 29377K [0x0000000080a00000, 0x0000000100000000)
  region size 1024K, 4 young (4096K), 4 survivors (4096K)
 Metaspace       used 66017K, committed 66688K, reserved 1114112K
  class space    used 8798K, committed 9088K, reserved 1048576K
}
Event: 62.854 GC heap before
{Heap before GC invocations=19 (full 0):
 garbage-first heap   total 77824K, used 30401K [0x0000000080a00000, 0x0000000100000000)
  region size 1024K, 5 young (5120K), 4 survivors (4096K)
 Metaspace       used 66017K, committed 66688K, reserved 1114112K
  class space    used 8798K, committed 9088K, reserved 1048576K
}
Event: 62.859 GC heap after
{Heap after GC invocations=20 (full 0):
 garbage-first heap   total 77824K, used 29706K [0x0000000080a00000, 0x0000000100000000)
  region size 1024K, 1 young (1024K), 1 survivors (1024K)
 Metaspace       used 66017K, committed 66688K, reserved 1114112K
  class space    used 8798K, committed 9088K, reserved 1048576K
}

